<?xml version="1.0" encoding="UTF-8"?>
<!-- Generated by org.testng.reporters.JUnitXMLReporter -->
<testsuite ignored="0" hostname="DESKTOP-U4C5TPU" failures="0" tests="3" name="Default test" time="8.292" errors="0" timestamp="2024-09-18T12:00:38 IST">
  <testcase classname="api.test.UserTest" name="createUser" time="3.614"/>
  <testcase classname="api.test.UserTest" name="getUser" time="1.825"/>
  <testcase classname="api.test.UserTest" name="updateUser" time="1.606"/>
</testsuite> <!-- Default test -->
