<?xml version="1.0" encoding="UTF-8"?>
<!-- Generated by org.testng.reporters.JUnitXMLReporter -->
<testsuite ignored="0" hostname="DESKTOP-U4C5TPU" failures="0" tests="6" name="Default test" time="17.885" errors="0" timestamp="2024-09-15T01:00:27 IST">
  <testcase classname="api.test.UserTest_XLDataDriven" name="createMultipleUsers" time="4.991"/>
  <testcase classname="api.test.UserTest_XLDataDriven" name="createMultipleUsers" time="2.221"/>
  <testcase classname="api.test.UserTest_XLDataDriven" name="createMultipleUsers" time="2.247"/>
  <testcase classname="api.test.UserTest_XLDataDriven" name="deleteMultipleUsers" time="2.027"/>
  <testcase classname="api.test.UserTest_XLDataDriven" name="deleteMultipleUsers" time="2.248"/>
  <testcase classname="api.test.UserTest_XLDataDriven" name="deleteMultipleUsers" time="2.044"/>
</testsuite> <!-- Default test -->
