<?xml version="1.0" encoding="UTF-8"?>
<!-- Generated by org.testng.reporters.JUnitXMLReporter -->
<testsuite ignored="0" hostname="DESKTOP-U4C5TPU" failures="0" tests="4" name="Test" time="2.667" errors="0" timestamp="2024-09-02T20:18:01 IST">
  <testcase classname="chainingTest.CreateUser" name="createUser" time="2.397"/>
  <testcase classname="chainingTest.GetUser" name="getUser" time="0.102"/>
  <testcase classname="chainingTest.UpdateUser" name="updateUser" time="0.084"/>
  <testcase classname="chainingTest.DeleteUser" name="deleteUser" time="0.027"/>
</testsuite> <!-- Test -->
