<?xml version="1.0" encoding="UTF-8"?>
<testng-results ignored="0" total="4" passed="4" failed="0" skipped="0">
  <reporter-output>
  </reporter-output>
  <suite started-at="2024-09-14T11:30:30 IST" name="Default suite" finished-at="2024-09-14T11:30:45 IST" duration-ms="15520">
    <groups>
    </groups>
    <test started-at="2024-09-14T11:30:30 IST" name="Default test" finished-at="2024-09-14T11:30:45 IST" duration-ms="15520">
      <class name="api.test.UserTest">
        <test-method is-config="true" signature="setData()[pri:0, instance:api.test.UserTest@3232a28a]" started-at="2024-09-14T11:30:30 IST" name="setData" finished-at="2024-09-14T11:30:30 IST" duration-ms="588" status="PASS">
          <reporter-output>
          </reporter-output>
        </test-method> <!-- setData -->
        <test-method signature="createUser()[pri:1, instance:api.test.UserTest@3232a28a]" started-at="2024-09-14T11:30:30 IST" name="createUser" finished-at="2024-09-14T11:30:37 IST" duration-ms="6117" status="PASS">
          <reporter-output>
          </reporter-output>
        </test-method> <!-- createUser -->
        <test-method signature="getUser()[pri:2, instance:api.test.UserTest@3232a28a]" started-at="2024-09-14T11:30:37 IST" name="getUser" finished-at="2024-09-14T11:30:39 IST" duration-ms="2727" status="PASS">
          <reporter-output>
          </reporter-output>
        </test-method> <!-- getUser -->
        <test-method signature="updateUser()[pri:3, instance:api.test.UserTest@3232a28a]" started-at="2024-09-14T11:30:39 IST" name="updateUser" finished-at="2024-09-14T11:30:43 IST" duration-ms="3789" status="PASS">
          <reporter-output>
          </reporter-output>
        </test-method> <!-- updateUser -->
        <test-method signature="deleteUser()[pri:4, instance:api.test.UserTest@3232a28a]" started-at="2024-09-14T11:30:43 IST" name="deleteUser" finished-at="2024-09-14T11:30:45 IST" duration-ms="2236" status="PASS">
          <reporter-output>
          </reporter-output>
        </test-method> <!-- deleteUser -->
      </class> <!-- api.test.UserTest -->
    </test> <!-- Default test -->
  </suite> <!-- Default suite -->
</testng-results>
