<?xml version="1.0" encoding="UTF-8"?>
<testng-results ignored="0" total="2" passed="2" failed="0" skipped="0">
  <reporter-output>
  </reporter-output>
  <suite started-at="2024-09-18T11:04:48 IST" name="PetSuite" finished-at="2024-09-18T11:04:55 IST" duration-ms="7154">
    <groups>
    </groups>
    <test started-at="2024-09-18T11:04:48 IST" name="PetTests" finished-at="2024-09-18T11:04:55 IST" duration-ms="7154">
      <class name="api.test.UserTest">
        <test-method is-config="true" signature="setData()[pri:0, instance:api.test.UserTest@1af2d44a]" started-at="2024-09-18T11:04:48 IST" name="setData" finished-at="2024-09-18T11:04:49 IST" duration-ms="500" status="PASS">
          <reporter-output>
          </reporter-output>
        </test-method> <!-- setData -->
        <test-method signature="createUser()[pri:1, instance:api.test.UserTest@1af2d44a]" started-at="2024-09-18T11:04:49 IST" name="createUser" finished-at="2024-09-18T11:04:53 IST" duration-ms="4414" status="PASS">
          <reporter-output>
          </reporter-output>
        </test-method> <!-- createUser -->
        <test-method signature="getUser()[pri:2, instance:api.test.UserTest@1af2d44a]" started-at="2024-09-18T11:04:53 IST" name="getUser" finished-at="2024-09-18T11:04:55 IST" duration-ms="1788" status="PASS">
          <reporter-output>
          </reporter-output>
        </test-method> <!-- getUser -->
      </class> <!-- api.test.UserTest -->
    </test> <!-- PetTests -->
  </suite> <!-- PetSuite -->
</testng-results>
