<?xml version="1.0" encoding="UTF-8"?>
<!-- Generated by org.testng.reporters.JUnitXMLReporter -->
<testsuite ignored="0" hostname="DESKTOP-FMDR0JP" failures="0" tests="3" name="PetTests" time="11.798" errors="0" timestamp="2024-09-19T10:50:27 IST">
  <testcase classname="api.test.UserTest_PropertiesFile" name="createUser" time="5.102"/>
  <testcase classname="api.test.UserTest_PropertiesFile" name="getUser" time="2.737"/>
  <testcase classname="api.test.UserTest_PropertiesFile" name="updateUser" time="2.55"/>
</testsuite> <!-- PetTests -->
